<?xml version="1.0" encoding="UTF-8"?>
<testsuite name="ru.stqa.work.addressbook.tests.GroupCreationTests" tests="3" skipped="0" failures="0" errors="0" timestamp="2017-10-21T16:10:49" hostname="eivanova-ws" time="26.703">
  <properties/>
  <testcase name="testGroupCreation[0](GroupData{id=2147483647, name='group 0'})" classname="ru.stqa.work.addressbook.tests.GroupCreationTests" time="12.066"/>
  <testcase name="testGroupCreation[1](GroupData{id=2147483647, name='group 1'})" classname="ru.stqa.work.addressbook.tests.GroupCreationTests" time="7.241"/>
  <testcase name="testGroupCreation[2](GroupData{id=2147483647, name='group 2'})" classname="ru.stqa.work.addressbook.tests.GroupCreationTests" time="7.396"/>
  <system-out><![CDATA[]]></system-out>
  <system-err><![CDATA[]]></system-err>
</testsuite>
