<?xml version="1.0" encoding="UTF-8"?>
<testsuite name="ru.stqa.work.sandbox.EquationTests" tests="6" skipped="0" failures="0" errors="0" timestamp="2017-11-17T13:04:30" hostname="eivanova-ws" time="0.023">
  <properties/>
  <testcase name="test0" classname="ru.stqa.work.sandbox.EquationTests" time="0.021"/>
  <testcase name="test1" classname="ru.stqa.work.sandbox.EquationTests" time="0.001"/>
  <testcase name="test2" classname="ru.stqa.work.sandbox.EquationTests" time="0.0"/>
  <testcase name="testConstant" classname="ru.stqa.work.sandbox.EquationTests" time="0.0"/>
  <testcase name="testLinear" classname="ru.stqa.work.sandbox.EquationTests" time="0.0"/>
  <testcase name="testZero" classname="ru.stqa.work.sandbox.EquationTests" time="0.0"/>
  <system-out><![CDATA[]]></system-out>
  <system-err><![CDATA[]]></system-err>
</testsuite>
