<?xml version="1.0" encoding="UTF-8"?>
<testsuite name="ru.stqa.work.sandbox.PointTest" tests="1" skipped="0" failures="0" errors="0" timestamp="2017-11-17T13:04:30" hostname="eivanova-ws" time="0.001">
  <properties/>
  <testcase name="testPoint" classname="ru.stqa.work.sandbox.PointTest" time="0.001"/>
  <system-out><![CDATA[]]></system-out>
  <system-err><![CDATA[]]></system-err>
</testsuite>
