<?xml version="1.0" encoding="UTF-8"?>
<testsuite name="ru.stqa.work.addressbook.tests.ContactCreationTests" tests="4" skipped="0" failures="0" errors="0" timestamp="2017-10-21T16:07:06" hostname="eivanova-ws" time="79.756">
  <properties/>
  <testcase name="testBadContactCreation" classname="ru.stqa.work.addressbook.tests.ContactCreationTests" time="29.761"/>
  <testcase name="testContactCreation[0](ContactData{id=2147483647, first_name='Name 0', last_name='Surname 0'})" classname="ru.stqa.work.addressbook.tests.ContactCreationTests" time="10.309"/>
  <testcase name="testContactCreation[1](ContactData{id=2147483647, first_name='Name 1', last_name='Surname 1'})" classname="ru.stqa.work.addressbook.tests.ContactCreationTests" time="19.811"/>
  <testcase name="testContactCreation[2](ContactData{id=2147483647, first_name='Name 2', last_name='Surname 2'})" classname="ru.stqa.work.addressbook.tests.ContactCreationTests" time="19.858"/>
  <system-out><![CDATA[]]></system-out>
  <system-err><![CDATA[1508602083540	addons.productaddons	INFO	sending request to: https://aus5.mozilla.org/update/3/GMP/52.4.0/20170921064520/WINNT_x86_64-msvc-x64/en-GB/esr/Windows_NT%2010.0.0.0%20(x64)/default/default/update.xml
1508602084370	addons.productaddons	INFO	Completed downloading document
1508602084801	addons.productaddons	INFO	downloadXHR File download. status=200
1508602084816	addons.productaddons	INFO	Downloaded file will be saved to C:\Users\EIVANO~1.TEL\AppData\Local\Temp\tmpaddon-7dfa3a
1508602085879	addons.productaddons	INFO	downloadXHR File download. status=200
1508602085887	addons.productaddons	INFO	Downloaded file will be saved to C:\Users\EIVANO~1.TEL\AppData\Local\Temp\tmpaddon-5c462f
]]></system-err>
</testsuite>
