<?xml version="1.0" encoding="UTF-8"?>
<testsuite name="ru.stqa.work.addressbook.tests.ContactCreationTests" tests="4" skipped="0" failures="0" errors="0" timestamp="2017-10-21T17:23:38" hostname="eivanova-ws" time="62.116">
  <properties/>
  <testcase name="testBadContactCreation" classname="ru.stqa.work.addressbook.tests.ContactCreationTests" time="24.964"/>
  <testcase name="testContactCreation[0](ContactData{id=2147483647, first_name='Name 0', last_name='Surname 0'})" classname="ru.stqa.work.addressbook.tests.ContactCreationTests" time="6.639"/>
  <testcase name="testContactCreation[1](ContactData{id=2147483647, first_name='Name 1', last_name='Surname 1'})" classname="ru.stqa.work.addressbook.tests.ContactCreationTests" time="15.315"/>
  <testcase name="testContactCreation[2](ContactData{id=2147483647, first_name='Name 2', last_name='Surname 2'})" classname="ru.stqa.work.addressbook.tests.ContactCreationTests" time="15.172"/>
  <system-out><![CDATA[]]></system-out>
  <system-err><![CDATA[]]></system-err>
</testsuite>
